--- Startup times for process: Primary/TUI ---

times in msec
 clock   self+sourced   self:  sourced script
 clock   elapsed:              other lines

000.000  000.000: --- NVIM STARTING ---
000.079  000.078: event init
000.187  000.108: early init
000.545  000.359: locale set
000.571  000.026: init first window
000.830  000.259: inits 1
000.848  000.018: window checked
000.852  000.004: parsing arguments
001.124  000.018  000.018: require('vim.shared')
001.164  000.020  000.020: require('vim.inspect')
001.188  000.018  000.018: require('vim._options')
001.189  000.063  000.025: require('vim._editor')
001.190  000.111  000.030: require('vim._init_packages')
001.191  000.228: init lua interpreter
003.043  001.852: expanding arguments
003.053  000.010: inits 2
003.189  000.135: init highlight
003.204  000.015: clear screen
003.260  000.009  000.009: require('vim.keymap')
003.657  000.449  000.440: require('vim._defaults')
003.658  000.005: init default mappings & autocommands
004.311  000.039  000.039: sourcing /opt/homebrew/Cellar/neovim/0.10.1/share/nvim/runtime/ftplugin.vim
004.414  000.020  000.020: sourcing /opt/homebrew/Cellar/neovim/0.10.1/share/nvim/runtime/indent.vim
004.874  000.149  000.149: require('ashrock.set')
005.571  000.548  000.548: require('lazy')
005.600  000.021  000.021: require('ffi')
005.632  000.015  000.015: require('vim.fs')
005.807  000.172  000.172: require('vim.uri')
005.812  000.209  000.022: require('vim.loader')
006.120  000.294  000.294: require('lazy.stats')
006.316  000.171  000.171: require('lazy.core.util')
006.493  000.176  000.176: require('lazy.core.config')
006.724  000.108  000.108: require('lazy.core.handler')
007.014  000.090  000.090: require('lazy.pkg')
007.017  000.193  000.103: require('lazy.core.meta')
007.020  000.295  000.102: require('lazy.core.plugin')
007.024  000.531  000.128: require('lazy.core.loader')
007.811  000.105  000.105: require('lazy.async')
008.028  000.090  000.090: require('lazy.manage.process')
008.096  000.067  000.067: require('lazy.terminal')
008.098  000.287  000.130: require('lazy.manage.task')
008.099  000.493  000.102: require('lazy.manage.runner')
008.101  000.700  000.207: require('lazy.manage')
008.102  000.906  000.205: require('lazy.view.commands')
008.181  000.071  000.071: require('lazy.core.fragments')
009.819  000.084  000.084: require('lazy.core.handler.cmd')
010.017  000.196  000.196: require('lazy.core.handler.event')
010.182  000.163  000.163: require('lazy.core.handler.keys')
010.358  000.173  000.173: require('lazy.core.handler.ft')
010.912  000.249  000.249: sourcing /opt/homebrew/Cellar/neovim/0.10.1/share/nvim/runtime/filetype.lua
011.358  000.031  000.031: sourcing /Users/leejaeseok/.local/share/nvim/lazy/lush.nvim/plugin/lush.vim
012.604  000.286  000.286: require('mason-core.functional')
012.912  000.176  000.176: require('mason-core.path')
013.117  000.205  000.205: require('mason.settings')
013.135  000.530  000.150: require('mason-core.log')
013.429  000.092  000.092: require('mason-core.functional.data')
013.431  000.166  000.074: require('mason-core.functional.function')
013.509  000.073  000.073: require('mason-core.functional.relation')
013.612  000.099  000.099: require('mason-core.functional.logic')
013.617  000.482  000.145: require('mason-core.platform')
013.690  000.072  000.072: require('mason-lspconfig.settings')
013.692  002.127  000.758: require('mason-lspconfig')
013.800  000.066  000.066: require('mason')
013.866  000.065  000.065: require('mason-lspconfig.notify')
014.078  000.150  000.150: require('mason-lspconfig.lspconfig_hook')
015.642  000.146  000.146: require('vim.lsp.log')
015.986  000.342  000.342: require('vim.lsp.protocol')
016.348  000.182  000.182: require('vim.lsp._snippet_grammar')
016.438  000.088  000.088: require('vim.highlight')
016.444  000.004  000.004: require('vim.F')
016.460  000.473  000.199: require('vim.lsp.util')
016.629  000.086  000.086: require('vim.lsp.sync')
016.633  000.172  000.086: require('vim.lsp._changetracking')
016.794  000.159  000.159: require('vim.lsp.rpc')
016.847  002.405  001.113: require('vim.lsp')
016.889  002.810  000.405: require('lspconfig.util')
017.090  000.095  000.095: require('mason-core.functional.table')
017.110  000.220  000.125: require('mason-lspconfig.mappings.server')
017.378  000.137  000.137: require('mason-core.EventEmitter')
017.503  000.124  000.124: require('mason-core.optional')
017.753  000.115  000.115: require('mason-core.async')
017.913  000.158  000.158: require('mason-core.async.uv')
017.917  000.413  000.139: require('mason-core.fs')
018.048  000.130  000.130: require('mason-registry.sources')
018.215  000.166  000.166: require('mason-core.functional.list')
018.228  001.118  000.148: require('mason-registry')
018.348  000.119  000.119: require('mason-lspconfig.server_config_extensions')
018.523  000.075  000.075: require('lspconfig.async')
018.525  000.165  000.090: require('lspconfig.configs')
022.072  000.095  000.095: require('mason-core.functional.string')
022.086  000.453  000.358: require('mason.api.command')
022.153  000.782  000.330: require('mason-core.functional.number')
022.161  000.977  000.195: require('mason-lspconfig.api.command')
023.007  000.668  000.668: require('mini.icons')
023.369  000.166  000.166: require('oil')
023.499  000.130  000.130: require('oil.ringbuf')
023.619  000.118  000.118: require('oil.config')
025.028  001.145  001.145: require('vim.filetype')
025.425  000.112  000.112: require('oil.fs')
025.627  000.099  000.099: require('oil.constants')
025.632  000.206  000.108: require('oil.util')
025.881  000.024  000.024: sourcing /Users/leejaeseok/.local/share/nvim/lazy/firenvim/plugin/firenvim.vim
027.089  000.093  000.093: require('fidget.spinner.patterns')
027.091  000.174  000.082: require('fidget.spinner')
027.163  000.071  000.071: require('fidget.options')
027.167  000.331  000.086: require('fidget.progress.display')
027.343  000.099  000.099: require('fidget.logger')
027.458  000.113  000.113: require('vim.lsp.handlers')
027.461  000.294  000.082: require('fidget.progress.lsp')
027.836  000.077  000.077: require('fidget.poll')
027.838  000.153  000.076: require('fidget.notification.model')
027.954  000.115  000.115: require('fidget.notification.window')
028.061  000.106  000.106: require('fidget.notification.view')
028.103  000.496  000.121: require('fidget.notification')
028.104  000.642  000.146: require('fidget.progress.handle')
028.144  001.400  000.133: require('fidget.progress')
028.244  000.098  000.098: require('fidget.commands')
028.407  000.091  000.091: require('fidget.integration.nvim-tree')
028.484  000.076  000.076: require('fidget.integration.xcodebuild-nvim')
028.485  000.241  000.074: require('fidget.integration')
028.511  002.177  000.438: require('fidget')
029.198  000.192  000.192: require('vim.diagnostic')
029.599  000.337  000.337: require('minintro')
029.932  000.024  000.024: sourcing /Users/leejaeseok/.local/share/nvim/lazy/plenary.nvim/plugin/plenary.vim
031.251  000.271  000.271: require('cmp.utils.api')
031.414  000.078  000.078: require('cmp.types.cmp')
031.643  000.097  000.097: require('cmp.utils.misc')
031.647  000.233  000.135: require('cmp.types.lsp')
031.768  000.120  000.120: require('cmp.types.vim')
031.769  000.516  000.086: require('cmp.types')
031.876  000.106  000.106: require('cmp.utils.highlight')
032.022  000.073  000.073: require('cmp.utils.debug')
032.025  000.148  000.075: require('cmp.utils.autocmd')
032.306  001.399  000.358: sourcing /Users/leejaeseok/.local/share/nvim/lazy/nvim-cmp/plugin/cmp.lua
032.659  000.084  000.084: require('cmp.utils.char')
032.662  000.156  000.071: require('cmp.utils.str')
032.910  000.073  000.073: require('cmp.utils.buffer')
032.912  000.166  000.093: require('cmp.utils.keymap')
032.913  000.250  000.084: require('cmp.utils.feedkeys')
033.158  000.083  000.083: require('cmp.config.mapping')
033.236  000.078  000.078: require('cmp.utils.cache')
033.387  000.074  000.074: require('cmp.config.compare')
033.388  000.151  000.077: require('cmp.config.default')
033.401  000.414  000.102: require('cmp.config')
033.406  000.492  000.079: require('cmp.utils.async')
033.682  000.072  000.072: require('cmp.utils.pattern')
033.684  000.161  000.089: require('cmp.context')
033.999  000.147  000.147: require('cmp.utils.snippet')
034.123  000.124  000.124: require('cmp.matcher')
034.133  000.369  000.099: require('cmp.entry')
034.139  000.455  000.086: require('cmp.source')
034.417  000.123  000.123: require('cmp.utils.event')
034.775  000.127  000.127: require('cmp.utils.options')
034.778  000.248  000.121: require('cmp.utils.window')
034.779  000.360  000.112: require('cmp.view.docs_view')
034.956  000.176  000.176: require('cmp.view.custom_entries_view')
035.113  000.156  000.156: require('cmp.view.wildmenu_entries_view')
035.210  000.096  000.096: require('cmp.view.native_entries_view')
035.340  000.129  000.129: require('cmp.view.ghost_text_view')
035.345  001.204  000.164: require('cmp.view')
035.645  003.230  000.511: require('cmp.core')
035.822  000.123  000.123: require('cmp.config.sources')
035.962  000.138  000.138: require('cmp.config.window')
035.993  003.671  000.180: require('cmp')
036.127  000.133  000.133: require('ashrock.md_frontmatter')
038.451  000.290  000.290: sourcing /Users/leejaeseok/.local/share/nvim/lazy/telescope.nvim/plugin/telescope.lua
038.977  000.118  000.118: require('telescope._extensions')
038.979  000.508  000.389: require('telescope')
039.876  000.279  000.279: require('plenary.bit')
039.994  000.116  000.116: require('plenary.functional')
040.024  000.750  000.355: require('plenary.path')
040.035  000.901  000.151: require('plenary.strings')
040.140  000.104  000.104: require('telescope.deprecated')
040.843  000.304  000.304: require('plenary.log')
040.910  000.642  000.337: require('telescope.log')
041.761  000.250  000.250: require('plenary.compat')
041.772  000.659  000.409: require('plenary.job')
041.913  000.140  000.140: require('telescope.state')
041.929  001.018  000.219: require('telescope.utils')
041.933  001.792  000.132: require('telescope.sorters')
043.403  004.424  001.627: require('telescope.config')
046.269  000.116  000.116: require('nvim-ts-autotag._log')
046.381  000.110  000.110: require('nvim-ts-autotag.config.init')
047.404  000.157  000.157: require('vim.treesitter.language')
047.535  000.129  000.129: require('vim.func')
047.662  000.125  000.125: require('vim.func._memoize')
047.670  000.672  000.260: require('vim.treesitter.query')
047.780  000.110  000.110: require('vim.treesitter._range')
047.791  000.975  000.193: require('vim.treesitter.languagetree')
047.794  001.088  000.113: require('vim.treesitter')
047.795  001.205  000.118: require('nvim-ts-autotag.utils')
047.797  001.288  000.083: require('nvim-ts-autotag.config.ft')
047.799  001.417  000.128: require('nvim-ts-autotag.config.plugin')
047.802  001.850  000.207: require('nvim-ts-autotag.internal')
047.803  002.770  000.920: require('nvim-ts-autotag')
048.664  000.096  000.096: require('nvim-treesitter.utils')
049.360  000.694  000.694: require('nvim-treesitter.parsers')
049.770  000.101  000.101: require('nvim-treesitter.compat')
049.926  000.084  000.084: require('nvim-treesitter.ts_utils')
049.929  000.158  000.075: require('nvim-treesitter.tsrange')
050.119  000.189  000.189: require('nvim-treesitter.caching')
050.126  000.549  000.101: require('nvim-treesitter.query')
050.140  000.657  000.108: require('nvim-treesitter.configs')
050.143  000.783  000.125: require('nvim-treesitter.info')
050.259  000.105  000.105: require('nvim-treesitter.shell_command_selectors')
050.297  001.835  000.156: require('nvim-treesitter.install')
050.376  000.078  000.078: require('nvim-treesitter.statusline')
050.506  000.130  000.130: require('nvim-treesitter.query_predicates')
050.508  002.394  000.352: require('nvim-treesitter')
050.748  002.685  000.291: sourcing /Users/leejaeseok/.local/share/nvim/lazy/nvim-treesitter/plugin/nvim-treesitter.lua
050.961  000.100  000.100: require('nvim-treesitter.highlight')
051.139  000.082  000.082: require('nvim-treesitter.indent')
051.215  003.411  000.544: require('nvim-treesitter')
051.307  006.339  000.159: sourcing /Users/leejaeseok/.local/share/nvim/lazy/nvim-ts-autotag/plugin/nvim-ts-autotag.lua
052.703  000.196  000.196: sourcing /Users/leejaeseok/.local/share/nvim/lazy/nvim-lspconfig/plugin/lspconfig.lua
053.026  000.162  000.162: require('cmp_nvim_lsp.source')
053.027  000.304  000.142: require('cmp_nvim_lsp')
053.718  000.584  000.584: require('lspconfig')
053.854  000.134  000.134: require('lspconfig.configs.tailwindcss')
054.507  000.089  000.089: require('lspconfig.manager')
054.616  000.105  000.105: require('lspconfig.configs.ts_ls')
055.079  000.108  000.108: require('lspconfig.configs.astro')
055.336  000.089  000.089: require('mason-lspconfig.server_configurations.astro')
055.473  000.074  000.074: require('lspconfig.configs.lua_ls')
055.886  000.089  000.089: require('lspconfig.configs.eslint')
056.307  000.083  000.083: require('lspconfig.configs.biome')
056.641  000.082  000.082: require('lspconfig.configs.css_variables')
057.111  000.116  000.116: require('lspconfig.configs.vimls')
058.523  000.220  000.220: require('lspconfig.configs.cssls')
059.008  000.132  000.132: require('lspconfig.configs.html')
059.620  000.099  000.099: require('lspconfig.configs.markdown_oxide')
060.266  000.239  000.239: require('lspconfig.configs.jdtls')
060.819  000.133  000.133: require('lspconfig.configs.rust_analyzer')
061.354  000.141  000.141: require('lspconfig.configs.denols')
061.952  000.131  000.131: sourcing /Users/leejaeseok/.local/share/nvim/lazy/vim-prettier/plugin/prettier.vim
062.101  000.007  000.007: sourcing /Users/leejaeseok/.local/share/nvim/lazy/vim-prettier/ftdetect/css.vim
062.179  000.008  000.008: sourcing /Users/leejaeseok/.local/share/nvim/lazy/vim-prettier/ftdetect/graphql.vim
062.229  000.005  000.005: sourcing /Users/leejaeseok/.local/share/nvim/lazy/vim-prettier/ftdetect/html.vim
062.280  000.006  000.006: sourcing /Users/leejaeseok/.local/share/nvim/lazy/vim-prettier/ftdetect/javascript.vim
062.332  000.005  000.005: sourcing /Users/leejaeseok/.local/share/nvim/lazy/vim-prettier/ftdetect/json.vim
062.378  000.004  000.004: sourcing /Users/leejaeseok/.local/share/nvim/lazy/vim-prettier/ftdetect/less.vim
062.423  000.005  000.005: sourcing /Users/leejaeseok/.local/share/nvim/lazy/vim-prettier/ftdetect/lua.vim
062.475  000.009  000.009: sourcing /Users/leejaeseok/.local/share/nvim/lazy/vim-prettier/ftdetect/markdown.vim
062.526  000.005  000.005: sourcing /Users/leejaeseok/.local/share/nvim/lazy/vim-prettier/ftdetect/php.vim
062.570  000.004  000.004: sourcing /Users/leejaeseok/.local/share/nvim/lazy/vim-prettier/ftdetect/ruby.vim
062.615  000.004  000.004: sourcing /Users/leejaeseok/.local/share/nvim/lazy/vim-prettier/ftdetect/scss.vim
062.664  000.005  000.005: sourcing /Users/leejaeseok/.local/share/nvim/lazy/vim-prettier/ftdetect/svelte.vim
062.716  000.007  000.007: sourcing /Users/leejaeseok/.local/share/nvim/lazy/vim-prettier/ftdetect/typescript.vim
062.760  000.004  000.004: sourcing /Users/leejaeseok/.local/share/nvim/lazy/vim-prettier/ftdetect/vue.vim
062.804  000.005  000.005: sourcing /Users/leejaeseok/.local/share/nvim/lazy/vim-prettier/ftdetect/xml.vim
062.859  000.005  000.005: sourcing /Users/leejaeseok/.local/share/nvim/lazy/vim-prettier/ftdetect/yaml.vim
063.237  000.009  000.009: sourcing /Users/leejaeseok/.local/share/nvim/lazy/goyo.vim/plugin/goyo.vim
063.780  000.021  000.021: sourcing /Users/leejaeseok/.local/share/nvim/lazy/vim-be-good/plugin/vim-be-good.vim
064.366  000.124  000.124: sourcing /Users/leejaeseok/.local/share/nvim/lazy/undotree/plugin/undotree.vim
065.248  000.486  000.486: sourcing /Users/leejaeseok/.local/share/nvim/lazy/vim-fugitive/plugin/fugitive.vim
065.341  000.006  000.006: sourcing /Users/leejaeseok/.local/share/nvim/lazy/vim-fugitive/ftdetect/fugitive.vim
065.544  000.079  000.079: sourcing /opt/homebrew/Cellar/neovim/0.10.1/share/nvim/runtime/plugin/editorconfig.lua
065.663  000.072  000.072: sourcing /opt/homebrew/Cellar/neovim/0.10.1/share/nvim/runtime/plugin/gzip.vim
065.762  000.060  000.060: sourcing /opt/homebrew/Cellar/neovim/0.10.1/share/nvim/runtime/plugin/man.lua
066.568  000.089  000.089: sourcing /opt/homebrew/Cellar/neovim/0.10.1/share/nvim/runtime/pack/dist/opt/matchit/plugin/matchit.vim
066.577  000.742  000.654: sourcing /opt/homebrew/Cellar/neovim/0.10.1/share/nvim/runtime/plugin/matchit.vim
066.679  000.063  000.063: sourcing /opt/homebrew/Cellar/neovim/0.10.1/share/nvim/runtime/plugin/matchparen.vim
066.723  000.008  000.008: sourcing /opt/homebrew/Cellar/neovim/0.10.1/share/nvim/runtime/plugin/netrwPlugin.vim
066.816  000.055  000.055: sourcing /opt/homebrew/Cellar/neovim/0.10.1/share/nvim/runtime/plugin/osc52.lua
066.963  000.018  000.018: sourcing /Users/leejaeseok/.local/share/nvim/rplugin.vim
066.970  000.117  000.099: sourcing /opt/homebrew/Cellar/neovim/0.10.1/share/nvim/runtime/plugin/rplugin.vim
067.033  000.026  000.026: sourcing /opt/homebrew/Cellar/neovim/0.10.1/share/nvim/runtime/plugin/shada.vim
067.108  000.008  000.008: sourcing /opt/homebrew/Cellar/neovim/0.10.1/share/nvim/runtime/plugin/spellfile.vim
067.182  000.033  000.033: sourcing /opt/homebrew/Cellar/neovim/0.10.1/share/nvim/runtime/plugin/tarPlugin.vim
067.267  000.047  000.047: sourcing /opt/homebrew/Cellar/neovim/0.10.1/share/nvim/runtime/plugin/tohtml.lua
067.324  000.010  000.010: sourcing /opt/homebrew/Cellar/neovim/0.10.1/share/nvim/runtime/plugin/tutor.vim
067.416  000.051  000.051: sourcing /opt/homebrew/Cellar/neovim/0.10.1/share/nvim/runtime/plugin/zipPlugin.vim
067.817  000.186  000.186: require('cmp_cmdline')
067.832  000.251  000.065: sourcing /Users/leejaeseok/.local/share/nvim/lazy/cmp-cmdline/after/plugin/cmp_cmdline.lua
068.079  000.114  000.114: require('cmp_path')
068.103  000.179  000.065: sourcing /Users/leejaeseok/.local/share/nvim/lazy/cmp-path/after/plugin/cmp_path.lua
068.632  000.101  000.101: require('cmp_buffer.timer')
068.635  000.195  000.095: require('cmp_buffer.buffer')
068.638  000.286  000.091: require('cmp_buffer.source')
068.638  000.363  000.077: require('cmp_buffer')
068.707  000.474  000.111: sourcing /Users/leejaeseok/.local/share/nvim/lazy/cmp-buffer/after/plugin/cmp_buffer.lua
068.881  000.064  000.064: sourcing /Users/leejaeseok/.local/share/nvim/lazy/cmp-nvim-lsp/after/plugin/cmp_nvim_lsp.lua
068.918  064.043  024.116: require('ashrock.lazy_init')
069.378  000.229  000.229: require('telescope.builtin')
069.707  000.117  000.117: require('harpoon.utils')
069.710  000.217  000.100: require('harpoon.logger')
070.071  000.101  000.101: require('harpoon.autocmd')
070.073  000.218  000.117: require('harpoon.buffer')
070.245  000.171  000.171: require('harpoon.extensions')
070.249  000.537  000.148: require('harpoon.ui')
070.631  000.381  000.381: require('harpoon.data')
070.852  000.215  000.215: require('harpoon.config')
071.007  000.154  000.154: require('harpoon.list')
074.191  004.800  003.295: require('harpoon')
074.656  000.289  000.289: require('vim.lsp.buf')
074.673  005.754  000.437: require('ashrock.remap')
074.795  000.121  000.121: require('ashrock.bufonly')
077.329  000.369  000.369: require('tokyonight.config')
077.332  000.652  000.283: require('tokyonight')
077.981  000.370  000.370: require('tokyonight.util')
077.983  000.611  000.241: require('tokyonight.theme')
078.484  000.239  000.239: require('tokyonight.colors')
078.892  000.161  000.161: require('tokyonight.colors.storm')
079.250  000.266  000.266: require('tokyonight.hsluv')
080.004  000.286  000.286: require('tokyonight.groups')
081.004  004.490  002.275: sourcing /Users/leejaeseok/.local/share/nvim/lazy/tokyonight.nvim/colors/tokyonight-night.lua
081.256  076.736  002.180: require('ashrock')
081.257  076.763  000.027: sourcing /Users/leejaeseok/.config/nvim/init.lua
081.269  000.789: sourcing vimrc file(s)
081.551  000.077  000.077: sourcing /opt/homebrew/Cellar/neovim/0.10.1/share/nvim/runtime/filetype.lua
081.830  000.043  000.043: sourcing /opt/homebrew/Cellar/neovim/0.10.1/share/nvim/runtime/syntax/synload.vim
081.915  000.257  000.214: sourcing /opt/homebrew/Cellar/neovim/0.10.1/share/nvim/runtime/syntax/syntax.vim
081.924  000.320: inits 3
084.062  002.139: reading ShaDa
086.174  000.649  000.649: require('vim.filetype.detect')
086.894  002.183: reading stdin
086.911  000.016: opening buffers
086.916  000.005: BufEnter autocommands
086.917  000.001: editing files in windows
086.948  000.031: --- NVIM STARTED ---

